e:\1speechcomplex\исходники\speechcomplex\gpo\spl_cs\debug\spl_cs.pch
e:\1speechcomplex\исходники\speechcomplex\gpo\spl_cs\debug\vc142.pdb
e:\1speechcomplex\исходники\speechcomplex\gpo\spl_cs\debug\stdafx.obj
e:\1speechcomplex\исходники\speechcomplex\gpo\spl_cs\debug\spl_cs.obj
e:\1speechcomplex\исходники\speechcomplex\gpo\spl_cs\debug\assemblyinfo.obj
e:\1speechcomplex\исходники\speechcomplex\gpo\spl_cs\debug\.netframework,version=v4.5.2.assemblyattributes.obj
e:\1speechcomplex\исходники\speechcomplex\gpo\debug\spl_cs.dll
e:\1speechcomplex\исходники\speechcomplex\gpo\debug\spl_cs.pdb
e:\1speechcomplex\исходники\speechcomplex\gpo\spl_cs\debug\app.res
e:\1speechcomplex\исходники\speechcomplex\gpo\debug\spl_cs.lib
e:\1speechcomplex\исходники\speechcomplex\gpo\debug\spl_cs.exp
e:\1speechcomplex\исходники\speechcomplex\gpo\spl_cs\debug\spl_cs.tlog\cl.command.1.tlog
e:\1speechcomplex\исходники\speechcomplex\gpo\spl_cs\debug\spl_cs.tlog\cl.read.1.tlog
e:\1speechcomplex\исходники\speechcomplex\gpo\spl_cs\debug\spl_cs.tlog\cl.write.1.tlog
e:\1speechcomplex\исходники\speechcomplex\gpo\spl_cs\debug\spl_cs.tlog\link.command.1.tlog
e:\1speechcomplex\исходники\speechcomplex\gpo\spl_cs\debug\spl_cs.tlog\link.read.1.tlog
e:\1speechcomplex\исходники\speechcomplex\gpo\spl_cs\debug\spl_cs.tlog\link.write.1.tlog
e:\1speechcomplex\исходники\speechcomplex\gpo\spl_cs\debug\spl_cs.tlog\metagen.read.1.tlog
e:\1speechcomplex\исходники\speechcomplex\gpo\spl_cs\debug\spl_cs.tlog\metagen.write.1.tlog
e:\1speechcomplex\исходники\speechcomplex\gpo\spl_cs\debug\spl_cs.tlog\rc.command.1.tlog
e:\1speechcomplex\исходники\speechcomplex\gpo\spl_cs\debug\spl_cs.tlog\rc.read.1.tlog
e:\1speechcomplex\исходники\speechcomplex\gpo\spl_cs\debug\spl_cs.tlog\rc.write.1.tlog
e:\1speechcomplex\исходники\speechcomplex\gpo\spl_cs\debug\spl_cs.tlog\spl_cs.write.1u.tlog
